[2025-04-23T00:54:08.149+0000] {taskinstance.py:1979} INFO - Dependencies all met for dep_context=non-requeueable deps ti=<TaskInstance: etl_dwh_mart.dwh_mart_user_repurchase manual__2025-04-23T00:54:00.378262+00:00 [queued]>
[2025-04-23T00:54:08.167+0000] {taskinstance.py:1979} INFO - Dependencies all met for dep_context=requeueable deps ti=<TaskInstance: etl_dwh_mart.dwh_mart_user_repurchase manual__2025-04-23T00:54:00.378262+00:00 [queued]>
[2025-04-23T00:54:08.168+0000] {taskinstance.py:2193} INFO - Starting attempt 1 of 1
[2025-04-23T00:54:08.193+0000] {taskinstance.py:2217} INFO - Executing <Task(PythonOperator): dwh_mart_user_repurchase> on 2025-04-23 00:54:00.378262+00:00
[2025-04-23T00:54:08.204+0000] {standard_task_runner.py:60} INFO - Started process 318 to run task
[2025-04-23T00:54:08.209+0000] {standard_task_runner.py:87} INFO - Running: ['***', 'tasks', 'run', 'etl_dwh_mart', 'dwh_mart_user_repurchase', 'manual__2025-04-23T00:54:00.378262+00:00', '--job-id', '17', '--raw', '--subdir', 'DAGS_FOLDER/dags_etl.py', '--cfg-path', '/tmp/tmpp_1df9mx']
[2025-04-23T00:54:08.211+0000] {standard_task_runner.py:88} INFO - Job 17: Subtask dwh_mart_user_repurchase
[2025-04-23T00:54:08.294+0000] {task_command.py:423} INFO - Running <TaskInstance: etl_dwh_mart.dwh_mart_user_repurchase manual__2025-04-23T00:54:00.378262+00:00 [running]> on host a896c9815708
[2025-04-23T00:54:08.441+0000] {taskinstance.py:2513} INFO - Exporting env vars: AIRFLOW_CTX_DAG_OWNER='***' AIRFLOW_CTX_DAG_ID='etl_dwh_mart' AIRFLOW_CTX_TASK_ID='dwh_mart_user_repurchase' AIRFLOW_CTX_EXECUTION_DATE='2025-04-23T00:54:00.378262+00:00' AIRFLOW_CTX_TRY_NUMBER='1' AIRFLOW_CTX_DAG_RUN_ID='manual__2025-04-23T00:54:00.378262+00:00'
[2025-04-23T00:54:08.444+0000] {DWH_MartUserRepurchase.py:30} INFO - Extracting data using query: 
            SELECT o.order_id, o.user_id, u.user_first_name || ' ' || u.user_last_name as user_name 
            FROM fact_orders o
            INNER JOIN dim_user u
            ON o.user_id = u.user_id;
        
[2025-04-23T00:54:08.487+0000] {DWH_MartUserRepurchase.py:33} INFO - Data extraction successful
[2025-04-23T00:54:08.509+0000] {DWH_MartUserRepurchase.py:55} INFO - Loading data into mart_user_repurchase...
[2025-04-23T00:54:08.598+0000] {DWH_MartUserRepurchase.py:58} INFO - Data successfully loaded into mart_user_repurchase
[2025-04-23T00:54:08.598+0000] {DWH_MartUserRepurchase.py:79} INFO - Process Completed Successfully!
[2025-04-23T00:54:08.598+0000] {python.py:202} INFO - Done. Returned value was: None
[2025-04-23T00:54:08.612+0000] {taskinstance.py:1149} INFO - Marking task as SUCCESS. dag_id=etl_dwh_mart, task_id=dwh_mart_user_repurchase, execution_date=20250423T005400, start_date=20250423T005408, end_date=20250423T005408
[2025-04-23T00:54:08.663+0000] {local_task_job_runner.py:234} INFO - Task exited with return code 0
[2025-04-23T00:54:08.703+0000] {taskinstance.py:3312} INFO - 1 downstream tasks scheduled from follow-on schedule check
