[2025-04-23T00:54:05.849+0000] {taskinstance.py:1979} INFO - Dependencies all met for dep_context=non-requeueable deps ti=<TaskInstance: etl_dwh_mart.dwh_mart_user_purchase manual__2025-04-23T00:54:00.378262+00:00 [queued]>
[2025-04-23T00:54:05.870+0000] {taskinstance.py:1979} INFO - Dependencies all met for dep_context=requeueable deps ti=<TaskInstance: etl_dwh_mart.dwh_mart_user_purchase manual__2025-04-23T00:54:00.378262+00:00 [queued]>
[2025-04-23T00:54:05.872+0000] {taskinstance.py:2193} INFO - Starting attempt 1 of 1
[2025-04-23T00:54:05.915+0000] {taskinstance.py:2217} INFO - Executing <Task(PythonOperator): dwh_mart_user_purchase> on 2025-04-23 00:54:00.378262+00:00
[2025-04-23T00:54:05.931+0000] {standard_task_runner.py:60} INFO - Started process 315 to run task
[2025-04-23T00:54:05.955+0000] {standard_task_runner.py:87} INFO - Running: ['***', 'tasks', 'run', 'etl_dwh_mart', 'dwh_mart_user_purchase', 'manual__2025-04-23T00:54:00.378262+00:00', '--job-id', '16', '--raw', '--subdir', 'DAGS_FOLDER/dags_etl.py', '--cfg-path', '/tmp/tmp3m6dl93i']
[2025-04-23T00:54:05.963+0000] {standard_task_runner.py:88} INFO - Job 16: Subtask dwh_mart_user_purchase
[2025-04-23T00:54:06.067+0000] {task_command.py:423} INFO - Running <TaskInstance: etl_dwh_mart.dwh_mart_user_purchase manual__2025-04-23T00:54:00.378262+00:00 [running]> on host a896c9815708
[2025-04-23T00:54:06.247+0000] {taskinstance.py:2513} INFO - Exporting env vars: AIRFLOW_CTX_DAG_OWNER='***' AIRFLOW_CTX_DAG_ID='etl_dwh_mart' AIRFLOW_CTX_TASK_ID='dwh_mart_user_purchase' AIRFLOW_CTX_EXECUTION_DATE='2025-04-23T00:54:00.378262+00:00' AIRFLOW_CTX_TRY_NUMBER='1' AIRFLOW_CTX_DAG_RUN_ID='manual__2025-04-23T00:54:00.378262+00:00'
[2025-04-23T00:54:06.249+0000] {DWH_MartUserPurchase.py:30} INFO - Extracting data using query: 
            SELECT  o.order_id, 
                    o.order_date, 
                    o.user_id, 
                    u.user_first_name || ' ' || u.user_last_name AS user_name, 
                    o.order_total, u.user_join
            FROM fact_orders o
            JOIN dim_user u ON o.user_id = u.user_id
        
[2025-04-23T00:54:06.292+0000] {DWH_MartUserPurchase.py:33} INFO - Data extraction successful
[2025-04-23T00:54:06.315+0000] {DWH_MartUserPurchase.py:55} INFO - Loading data into mart_user_purchase...
[2025-04-23T00:54:06.425+0000] {DWH_MartUserPurchase.py:58} INFO - Data successfully loaded into mart_user_purchase
[2025-04-23T00:54:06.426+0000] {DWH_MartUserPurchase.py:82} INFO - Process Completed Successfully!
[2025-04-23T00:54:06.426+0000] {python.py:202} INFO - Done. Returned value was: None
[2025-04-23T00:54:06.439+0000] {taskinstance.py:1149} INFO - Marking task as SUCCESS. dag_id=etl_dwh_mart, task_id=dwh_mart_user_purchase, execution_date=20250423T005400, start_date=20250423T005405, end_date=20250423T005406
[2025-04-23T00:54:06.474+0000] {local_task_job_runner.py:234} INFO - Task exited with return code 0
[2025-04-23T00:54:06.519+0000] {taskinstance.py:3312} INFO - 1 downstream tasks scheduled from follow-on schedule check
