[2025-04-23T00:32:03.164+0000] {manager.py:469} INFO - Processing files using up to 2 processes at a time 
[2025-04-23T00:32:03.165+0000] {manager.py:470} INFO - Process each file at most once every 30 seconds
[2025-04-23T00:32:03.166+0000] {manager.py:471} INFO - Checking for new files in /opt/airflow/dags every 300 seconds
[2025-04-23T00:32:03.166+0000] {manager.py:738} INFO - Searching for files in /opt/airflow/dags
[2025-04-23T00:32:03.168+0000] {manager.py:741} INFO - There are 0 files in /opt/airflow/dags
[2025-04-23T00:32:44.691+0000] {manager.py:451} INFO - Exiting gracefully upon receiving signal 15
[2025-04-23T00:33:04.598+0000] {manager.py:469} INFO - Processing files using up to 2 processes at a time 
[2025-04-23T00:33:04.601+0000] {manager.py:470} INFO - Process each file at most once every 30 seconds
[2025-04-23T00:33:04.602+0000] {manager.py:471} INFO - Checking for new files in /opt/airflow/dags every 300 seconds
[2025-04-23T00:33:04.603+0000] {manager.py:738} INFO - Searching for files in /opt/airflow/dags
[2025-04-23T00:33:04.604+0000] {manager.py:741} INFO - There are 0 files in /opt/airflow/dags
[2025-04-23T00:34:16.343+0000] {manager.py:451} INFO - Exiting gracefully upon receiving signal 15
[2025-04-23T00:35:21.370+0000] {manager.py:469} INFO - Processing files using up to 2 processes at a time 
[2025-04-23T00:35:21.373+0000] {manager.py:470} INFO - Process each file at most once every 30 seconds
[2025-04-23T00:35:21.374+0000] {manager.py:471} INFO - Checking for new files in /opt/airflow/dags every 300 seconds
[2025-04-23T00:35:21.375+0000] {manager.py:738} INFO - Searching for files in /opt/airflow/dags
[2025-04-23T00:35:21.377+0000] {manager.py:741} INFO - There are 0 files in /opt/airflow/dags
[2025-04-23T00:40:22.013+0000] {manager.py:738} INFO - Searching for files in /opt/airflow/dags
[2025-04-23T00:40:22.014+0000] {manager.py:741} INFO - There are 0 files in /opt/airflow/dags
[2025-04-23T00:45:22.655+0000] {manager.py:738} INFO - Searching for files in /opt/airflow/dags
[2025-04-23T00:45:22.658+0000] {manager.py:741} INFO - There are 0 files in /opt/airflow/dags
[2025-04-23T00:50:23.345+0000] {manager.py:738} INFO - Searching for files in /opt/airflow/dags
[2025-04-23T00:50:23.349+0000] {manager.py:741} INFO - There are 1 files in /opt/airflow/dags
[2025-04-23T00:50:26.439+0000] {manager.py:879} INFO - 
================================================================================
DAG File Processing Stats

File Path                      PID    Runtime      # DAGs    # Errors  Last Runtime    Last Run
-----------------------------  -----  ---------  --------  ----------  --------------  -------------------
/opt/airflow/dags/dags_etl.py                           0           1  2.31s           2025-04-23T00:50:25
================================================================================
[2025-04-23T00:50:56.907+0000] {manager.py:879} INFO - 
================================================================================
DAG File Processing Stats

File Path                      PID    Runtime      # DAGs    # Errors  Last Runtime    Last Run
-----------------------------  -----  ---------  --------  ----------  --------------  -------------------
/opt/airflow/dags/dags_etl.py                           0           1  0.46s           2025-04-23T00:50:56
================================================================================
[2025-04-23T00:51:26.941+0000] {manager.py:879} INFO - 
================================================================================
DAG File Processing Stats

File Path                      PID    Runtime      # DAGs    # Errors  Last Runtime    Last Run
-----------------------------  -----  ---------  --------  ----------  --------------  -------------------
/opt/airflow/dags/dags_etl.py                           0           1  0.43s           2025-04-23T00:51:19
================================================================================
[2025-04-23T00:51:57.029+0000] {manager.py:879} INFO - 
================================================================================
DAG File Processing Stats

File Path                      PID    Runtime      # DAGs    # Errors  Last Runtime    Last Run
-----------------------------  -----  ---------  --------  ----------  --------------  -------------------
/opt/airflow/dags/dags_etl.py                           0           1  0.45s           2025-04-23T00:51:57
================================================================================
[2025-04-23T00:52:27.650+0000] {manager.py:879} INFO - 
================================================================================
DAG File Processing Stats

File Path                      PID    Runtime      # DAGs    # Errors  Last Runtime    Last Run
-----------------------------  -----  ---------  --------  ----------  --------------  -------------------
/opt/airflow/dags/dags_etl.py                           0           1  1.01s           2025-04-23T00:52:17
================================================================================
[2025-04-23T00:52:58.044+0000] {manager.py:879} INFO - 
================================================================================
DAG File Processing Stats

File Path                      PID    Runtime      # DAGs    # Errors  Last Runtime    Last Run
-----------------------------  -----  ---------  --------  ----------  --------------  -------------------
/opt/airflow/dags/dags_etl.py                           1           0  1.23s           2025-04-23T00:52:57
================================================================================
[2025-04-23T00:53:28.241+0000] {manager.py:879} INFO - 
================================================================================
DAG File Processing Stats

File Path                        PID  Runtime      # DAGs    # Errors  Last Runtime    Last Run
-----------------------------  -----  ---------  --------  ----------  --------------  -------------------
/opt/airflow/dags/dags_etl.py    298  0.83s             1           0  1.23s           2025-04-23T00:52:57
================================================================================
[2025-04-23T00:53:58.583+0000] {manager.py:879} INFO - 
================================================================================
DAG File Processing Stats

File Path                      PID    Runtime      # DAGs    # Errors  Last Runtime    Last Run
-----------------------------  -----  ---------  --------  ----------  --------------  -------------------
/opt/airflow/dags/dags_etl.py                           1           0  1.17s           2025-04-23T00:53:28
================================================================================
[2025-04-23T00:54:28.734+0000] {manager.py:879} INFO - 
================================================================================
DAG File Processing Stats

File Path                      PID    Runtime      # DAGs    # Errors  Last Runtime    Last Run
-----------------------------  -----  ---------  --------  ----------  --------------  -------------------
/opt/airflow/dags/dags_etl.py                           1           0  0.87s           2025-04-23T00:53:59
================================================================================
[2025-04-23T00:54:58.781+0000] {manager.py:879} INFO - 
================================================================================
DAG File Processing Stats

File Path                      PID    Runtime      # DAGs    # Errors  Last Runtime    Last Run
-----------------------------  -----  ---------  --------  ----------  --------------  -------------------
/opt/airflow/dags/dags_etl.py                           1           0  0.87s           2025-04-23T00:54:30
================================================================================
[2025-04-23T00:55:23.849+0000] {manager.py:738} INFO - Searching for files in /opt/airflow/dags
[2025-04-23T00:55:23.852+0000] {manager.py:741} INFO - There are 1 files in /opt/airflow/dags
[2025-04-23T00:55:28.896+0000] {manager.py:879} INFO - 
================================================================================
DAG File Processing Stats

File Path                      PID    Runtime      # DAGs    # Errors  Last Runtime    Last Run
-----------------------------  -----  ---------  --------  ----------  --------------  -------------------
/opt/airflow/dags/dags_etl.py                           1           0  0.94s           2025-04-23T00:55:01
================================================================================
[2025-04-23T00:55:59.087+0000] {manager.py:879} INFO - 
================================================================================
DAG File Processing Stats

File Path                      PID    Runtime      # DAGs    # Errors  Last Runtime    Last Run
-----------------------------  -----  ---------  --------  ----------  --------------  -------------------
/opt/airflow/dags/dags_etl.py                           1           0  1.14s           2025-04-23T00:55:33
================================================================================
[2025-04-23T00:56:29.347+0000] {manager.py:879} INFO - 
================================================================================
DAG File Processing Stats

File Path                      PID    Runtime      # DAGs    # Errors  Last Runtime    Last Run
-----------------------------  -----  ---------  --------  ----------  --------------  -------------------
/opt/airflow/dags/dags_etl.py                           1           0  0.80s           2025-04-23T00:56:03
================================================================================
[2025-04-23T00:56:59.507+0000] {manager.py:879} INFO - 
================================================================================
DAG File Processing Stats

File Path                      PID    Runtime      # DAGs    # Errors  Last Runtime    Last Run
-----------------------------  -----  ---------  --------  ----------  --------------  -------------------
/opt/airflow/dags/dags_etl.py                           1           0  0.81s           2025-04-23T00:56:34
================================================================================
[2025-04-23T00:57:29.690+0000] {manager.py:879} INFO - 
================================================================================
DAG File Processing Stats

File Path                      PID    Runtime      # DAGs    # Errors  Last Runtime    Last Run
-----------------------------  -----  ---------  --------  ----------  --------------  -------------------
/opt/airflow/dags/dags_etl.py                           1           0  0.80s           2025-04-23T00:57:05
================================================================================
[2025-04-23T00:57:59.869+0000] {manager.py:879} INFO - 
================================================================================
DAG File Processing Stats

File Path                      PID    Runtime      # DAGs    # Errors  Last Runtime    Last Run
-----------------------------  -----  ---------  --------  ----------  --------------  -------------------
/opt/airflow/dags/dags_etl.py                           1           0  0.78s           2025-04-23T00:57:36
================================================================================
[2025-04-23T00:58:30.033+0000] {manager.py:879} INFO - 
================================================================================
DAG File Processing Stats

File Path                      PID    Runtime      # DAGs    # Errors  Last Runtime    Last Run
-----------------------------  -----  ---------  --------  ----------  --------------  -------------------
/opt/airflow/dags/dags_etl.py                           1           0  0.98s           2025-04-23T00:58:07
================================================================================
[2025-04-23T00:59:00.078+0000] {manager.py:879} INFO - 
================================================================================
DAG File Processing Stats

File Path                      PID    Runtime      # DAGs    # Errors  Last Runtime    Last Run
-----------------------------  -----  ---------  --------  ----------  --------------  -------------------
/opt/airflow/dags/dags_etl.py                           1           0  0.87s           2025-04-23T00:58:38
================================================================================
[2025-04-23T00:59:30.206+0000] {manager.py:879} INFO - 
================================================================================
DAG File Processing Stats

File Path                      PID    Runtime      # DAGs    # Errors  Last Runtime    Last Run
-----------------------------  -----  ---------  --------  ----------  --------------  -------------------
/opt/airflow/dags/dags_etl.py                           1           0  0.96s           2025-04-23T00:59:10
================================================================================
[2025-04-23T01:00:00.355+0000] {manager.py:879} INFO - 
================================================================================
DAG File Processing Stats

File Path                      PID    Runtime      # DAGs    # Errors  Last Runtime    Last Run
-----------------------------  -----  ---------  --------  ----------  --------------  -------------------
/opt/airflow/dags/dags_etl.py                           1           0  0.97s           2025-04-23T00:59:41
================================================================================
[2025-04-23T01:00:24.747+0000] {manager.py:738} INFO - Searching for files in /opt/airflow/dags
[2025-04-23T01:00:24.749+0000] {manager.py:741} INFO - There are 1 files in /opt/airflow/dags
[2025-04-23T01:00:30.793+0000] {manager.py:879} INFO - 
================================================================================
DAG File Processing Stats

File Path                      PID    Runtime      # DAGs    # Errors  Last Runtime    Last Run
-----------------------------  -----  ---------  --------  ----------  --------------  -------------------
/opt/airflow/dags/dags_etl.py                           1           0  1.38s           2025-04-23T01:00:12
================================================================================
[2025-04-23T01:01:00.848+0000] {manager.py:879} INFO - 
================================================================================
DAG File Processing Stats

File Path                      PID    Runtime      # DAGs    # Errors  Last Runtime    Last Run
-----------------------------  -----  ---------  --------  ----------  --------------  -------------------
/opt/airflow/dags/dags_etl.py                           1           0  0.87s           2025-04-23T01:00:43
================================================================================
[2025-04-23T01:01:30.892+0000] {manager.py:879} INFO - 
================================================================================
DAG File Processing Stats

File Path                      PID    Runtime      # DAGs    # Errors  Last Runtime    Last Run
-----------------------------  -----  ---------  --------  ----------  --------------  -------------------
/opt/airflow/dags/dags_etl.py                           1           0  0.86s           2025-04-23T01:01:14
================================================================================
[2025-04-23T01:02:01.400+0000] {manager.py:879} INFO - 
================================================================================
DAG File Processing Stats

File Path                      PID    Runtime      # DAGs    # Errors  Last Runtime    Last Run
-----------------------------  -----  ---------  --------  ----------  --------------  -------------------
/opt/airflow/dags/dags_etl.py                           1           0  0.81s           2025-04-23T01:01:45
================================================================================
[2025-04-23T01:02:31.567+0000] {manager.py:879} INFO - 
================================================================================
DAG File Processing Stats

File Path                      PID    Runtime      # DAGs    # Errors  Last Runtime    Last Run
-----------------------------  -----  ---------  --------  ----------  --------------  -------------------
/opt/airflow/dags/dags_etl.py                           1           0  0.78s           2025-04-23T01:02:16
================================================================================
[2025-04-23T01:03:01.726+0000] {manager.py:879} INFO - 
================================================================================
DAG File Processing Stats

File Path                      PID    Runtime      # DAGs    # Errors  Last Runtime    Last Run
-----------------------------  -----  ---------  --------  ----------  --------------  -------------------
/opt/airflow/dags/dags_etl.py                           1           0  0.82s           2025-04-23T01:02:47
================================================================================
[2025-04-23T01:03:31.767+0000] {manager.py:879} INFO - 
================================================================================
DAG File Processing Stats

File Path                      PID    Runtime      # DAGs    # Errors  Last Runtime    Last Run
-----------------------------  -----  ---------  --------  ----------  --------------  -------------------
/opt/airflow/dags/dags_etl.py                           1           0  0.87s           2025-04-23T01:03:18
================================================================================
[2025-04-23T01:04:02.077+0000] {manager.py:879} INFO - 
================================================================================
DAG File Processing Stats

File Path                      PID    Runtime      # DAGs    # Errors  Last Runtime    Last Run
-----------------------------  -----  ---------  --------  ----------  --------------  -------------------
/opt/airflow/dags/dags_etl.py                           1           0  0.78s           2025-04-23T01:03:49
================================================================================
[2025-04-23T01:04:32.259+0000] {manager.py:879} INFO - 
================================================================================
DAG File Processing Stats

File Path                      PID    Runtime      # DAGs    # Errors  Last Runtime    Last Run
-----------------------------  -----  ---------  --------  ----------  --------------  -------------------
/opt/airflow/dags/dags_etl.py                           1           0  0.80s           2025-04-23T01:04:20
================================================================================
[2025-04-23T01:05:02.431+0000] {manager.py:879} INFO - 
================================================================================
DAG File Processing Stats

File Path                      PID    Runtime      # DAGs    # Errors  Last Runtime    Last Run
-----------------------------  -----  ---------  --------  ----------  --------------  -------------------
/opt/airflow/dags/dags_etl.py                           1           0  0.77s           2025-04-23T01:04:51
================================================================================
[2025-04-23T01:05:24.772+0000] {manager.py:738} INFO - Searching for files in /opt/airflow/dags
[2025-04-23T01:05:24.777+0000] {manager.py:741} INFO - There are 1 files in /opt/airflow/dags
[2025-04-23T01:05:32.612+0000] {manager.py:879} INFO - 
================================================================================
DAG File Processing Stats

File Path                      PID    Runtime      # DAGs    # Errors  Last Runtime    Last Run
-----------------------------  -----  ---------  --------  ----------  --------------  -------------------
/opt/airflow/dags/dags_etl.py                           1           0  0.80s           2025-04-23T01:05:22
================================================================================
[2025-04-23T01:06:02.634+0000] {manager.py:879} INFO - 
================================================================================
DAG File Processing Stats

File Path                      PID    Runtime      # DAGs    # Errors  Last Runtime    Last Run
-----------------------------  -----  ---------  --------  ----------  --------------  -------------------
/opt/airflow/dags/dags_etl.py                           1           0  0.87s           2025-04-23T01:05:53
================================================================================
[2025-04-23T01:06:32.700+0000] {manager.py:879} INFO - 
================================================================================
DAG File Processing Stats

File Path                      PID    Runtime      # DAGs    # Errors  Last Runtime    Last Run
-----------------------------  -----  ---------  --------  ----------  --------------  -------------------
/opt/airflow/dags/dags_etl.py                           1           0  0.91s           2025-04-23T01:06:24
================================================================================
[2025-04-23T01:07:02.722+0000] {manager.py:879} INFO - 
================================================================================
DAG File Processing Stats

File Path                      PID    Runtime      # DAGs    # Errors  Last Runtime    Last Run
-----------------------------  -----  ---------  --------  ----------  --------------  -------------------
/opt/airflow/dags/dags_etl.py                           1           0  0.86s           2025-04-23T01:06:55
================================================================================
[2025-04-23T01:07:32.765+0000] {manager.py:879} INFO - 
================================================================================
DAG File Processing Stats

File Path                      PID    Runtime      # DAGs    # Errors  Last Runtime    Last Run
-----------------------------  -----  ---------  --------  ----------  --------------  -------------------
/opt/airflow/dags/dags_etl.py                           1           0  1.90s           2025-04-23T01:07:27
================================================================================
[2025-04-23T01:08:02.893+0000] {manager.py:879} INFO - 
================================================================================
DAG File Processing Stats

File Path                      PID    Runtime      # DAGs    # Errors  Last Runtime    Last Run
-----------------------------  -----  ---------  --------  ----------  --------------  -------------------
/opt/airflow/dags/dags_etl.py                           1           0  0.98s           2025-04-23T01:07:58
================================================================================
[2025-04-23T01:08:33.069+0000] {manager.py:879} INFO - 
================================================================================
DAG File Processing Stats

File Path                      PID    Runtime      # DAGs    # Errors  Last Runtime    Last Run
-----------------------------  -----  ---------  --------  ----------  --------------  -------------------
/opt/airflow/dags/dags_etl.py                           1           0  1.14s           2025-04-23T01:08:30
================================================================================
[2025-04-23T01:09:03.236+0000] {manager.py:879} INFO - 
================================================================================
DAG File Processing Stats

File Path                      PID    Runtime      # DAGs    # Errors  Last Runtime    Last Run
-----------------------------  -----  ---------  --------  ----------  --------------  -------------------
/opt/airflow/dags/dags_etl.py                           1           0  1.05s           2025-04-23T01:09:01
================================================================================
[2025-04-23T01:09:33.435+0000] {manager.py:879} INFO - 
================================================================================
DAG File Processing Stats

File Path                        PID  Runtime      # DAGs    # Errors  Last Runtime    Last Run
-----------------------------  -----  ---------  --------  ----------  --------------  -------------------
/opt/airflow/dags/dags_etl.py    514  2.03s             1           0  1.05s           2025-04-23T01:09:01
================================================================================
[2025-04-23T01:10:03.499+0000] {manager.py:879} INFO - 
================================================================================
DAG File Processing Stats

File Path                      PID    Runtime      # DAGs    # Errors  Last Runtime    Last Run
-----------------------------  -----  ---------  --------  ----------  --------------  -------------------
/opt/airflow/dags/dags_etl.py                           1           0  2.93s           2025-04-23T01:09:34
================================================================================
[2025-04-23T01:10:25.535+0000] {manager.py:738} INFO - Searching for files in /opt/airflow/dags
[2025-04-23T01:10:25.538+0000] {manager.py:741} INFO - There are 1 files in /opt/airflow/dags
[2025-04-23T01:10:33.605+0000] {manager.py:879} INFO - 
================================================================================
DAG File Processing Stats

File Path                      PID    Runtime      # DAGs    # Errors  Last Runtime    Last Run
-----------------------------  -----  ---------  --------  ----------  --------------  -------------------
/opt/airflow/dags/dags_etl.py                           1           0  2.93s           2025-04-23T01:10:07
================================================================================
[2025-04-23T01:11:03.671+0000] {manager.py:879} INFO - 
================================================================================
DAG File Processing Stats

File Path                      PID    Runtime      # DAGs    # Errors  Last Runtime    Last Run
-----------------------------  -----  ---------  --------  ----------  --------------  -------------------
/opt/airflow/dags/dags_etl.py                           1           0  0.89s           2025-04-23T01:10:38
================================================================================
[2025-04-23T01:11:33.857+0000] {manager.py:879} INFO - 
================================================================================
DAG File Processing Stats

File Path                      PID    Runtime      # DAGs    # Errors  Last Runtime    Last Run
-----------------------------  -----  ---------  --------  ----------  --------------  -------------------
/opt/airflow/dags/dags_etl.py                           1           0  1.06s           2025-04-23T01:11:09
================================================================================
[2025-04-23T01:12:03.867+0000] {manager.py:879} INFO - 
================================================================================
DAG File Processing Stats

File Path                      PID    Runtime      # DAGs    # Errors  Last Runtime    Last Run
-----------------------------  -----  ---------  --------  ----------  --------------  -------------------
/opt/airflow/dags/dags_etl.py                           1           0  0.83s           2025-04-23T01:11:40
================================================================================
[2025-04-23T01:12:34.208+0000] {manager.py:879} INFO - 
================================================================================
DAG File Processing Stats

File Path                      PID    Runtime      # DAGs    # Errors  Last Runtime    Last Run
-----------------------------  -----  ---------  --------  ----------  --------------  -------------------
/opt/airflow/dags/dags_etl.py                           1           0  0.80s           2025-04-23T01:12:11
================================================================================
[2025-04-23T01:13:04.386+0000] {manager.py:879} INFO - 
================================================================================
DAG File Processing Stats

File Path                      PID    Runtime      # DAGs    # Errors  Last Runtime    Last Run
-----------------------------  -----  ---------  --------  ----------  --------------  -------------------
/opt/airflow/dags/dags_etl.py                           1           0  0.85s           2025-04-23T01:12:42
================================================================================
[2025-04-23T01:13:34.559+0000] {manager.py:879} INFO - 
================================================================================
DAG File Processing Stats

File Path                      PID    Runtime      # DAGs    # Errors  Last Runtime    Last Run
-----------------------------  -----  ---------  --------  ----------  --------------  -------------------
/opt/airflow/dags/dags_etl.py                           1           0  0.88s           2025-04-23T01:13:13
================================================================================
[2025-04-23T01:14:04.735+0000] {manager.py:879} INFO - 
================================================================================
DAG File Processing Stats

File Path                      PID    Runtime      # DAGs    # Errors  Last Runtime    Last Run
-----------------------------  -----  ---------  --------  ----------  --------------  -------------------
/opt/airflow/dags/dags_etl.py                           1           0  0.84s           2025-04-23T01:13:44
================================================================================
[2025-04-23T01:14:34.892+0000] {manager.py:879} INFO - 
================================================================================
DAG File Processing Stats

File Path                      PID    Runtime      # DAGs    # Errors  Last Runtime    Last Run
-----------------------------  -----  ---------  --------  ----------  --------------  -------------------
/opt/airflow/dags/dags_etl.py                           1           0  0.83s           2025-04-23T01:14:15
================================================================================
[2025-04-23T01:15:04.934+0000] {manager.py:879} INFO - 
================================================================================
DAG File Processing Stats

File Path                      PID    Runtime      # DAGs    # Errors  Last Runtime    Last Run
-----------------------------  -----  ---------  --------  ----------  --------------  -------------------
/opt/airflow/dags/dags_etl.py                           1           0  0.86s           2025-04-23T01:14:46
================================================================================
[2025-04-23T01:15:25.867+0000] {manager.py:738} INFO - Searching for files in /opt/airflow/dags
[2025-04-23T01:15:25.869+0000] {manager.py:741} INFO - There are 1 files in /opt/airflow/dags
[2025-04-23T01:15:34.942+0000] {manager.py:879} INFO - 
================================================================================
DAG File Processing Stats

File Path                      PID    Runtime      # DAGs    # Errors  Last Runtime    Last Run
-----------------------------  -----  ---------  --------  ----------  --------------  -------------------
/opt/airflow/dags/dags_etl.py                           1           0  0.82s           2025-04-23T01:15:17
================================================================================
[2025-04-23T01:16:05.119+0000] {manager.py:879} INFO - 
================================================================================
DAG File Processing Stats

File Path                      PID    Runtime      # DAGs    # Errors  Last Runtime    Last Run
-----------------------------  -----  ---------  --------  ----------  --------------  -------------------
/opt/airflow/dags/dags_etl.py                           1           0  1.06s           2025-04-23T01:15:49
================================================================================
[2025-04-23T01:16:35.298+0000] {manager.py:879} INFO - 
================================================================================
DAG File Processing Stats

File Path                      PID    Runtime      # DAGs    # Errors  Last Runtime    Last Run
-----------------------------  -----  ---------  --------  ----------  --------------  -------------------
/opt/airflow/dags/dags_etl.py                           1           0  1.36s           2025-04-23T01:16:20
================================================================================
[2025-04-23T01:17:05.816+0000] {manager.py:879} INFO - 
================================================================================
DAG File Processing Stats

File Path                      PID    Runtime      # DAGs    # Errors  Last Runtime    Last Run
-----------------------------  -----  ---------  --------  ----------  --------------  -------------------
/opt/airflow/dags/dags_etl.py                           1           0  1.06s           2025-04-23T01:16:51
================================================================================
[2025-04-23T01:17:36.021+0000] {manager.py:879} INFO - 
================================================================================
DAG File Processing Stats

File Path                      PID    Runtime      # DAGs    # Errors  Last Runtime    Last Run
-----------------------------  -----  ---------  --------  ----------  --------------  -------------------
/opt/airflow/dags/dags_etl.py                           1           0  1.07s           2025-04-23T01:17:22
================================================================================
[2025-04-23T01:18:06.097+0000] {manager.py:879} INFO - 
================================================================================
DAG File Processing Stats

File Path                      PID    Runtime      # DAGs    # Errors  Last Runtime    Last Run
-----------------------------  -----  ---------  --------  ----------  --------------  -------------------
/opt/airflow/dags/dags_etl.py                           1           0  0.90s           2025-04-23T01:17:54
================================================================================
[2025-04-23T01:18:36.281+0000] {manager.py:879} INFO - 
================================================================================
DAG File Processing Stats

File Path                      PID    Runtime      # DAGs    # Errors  Last Runtime    Last Run
-----------------------------  -----  ---------  --------  ----------  --------------  -------------------
/opt/airflow/dags/dags_etl.py                           1           0  1.00s           2025-04-23T01:18:25
================================================================================
[2025-04-23T01:19:06.537+0000] {manager.py:879} INFO - 
================================================================================
DAG File Processing Stats

File Path                      PID    Runtime      # DAGs    # Errors  Last Runtime    Last Run
-----------------------------  -----  ---------  --------  ----------  --------------  -------------------
/opt/airflow/dags/dags_etl.py                           1           0  0.82s           2025-04-23T01:18:56
================================================================================
[2025-04-23T01:19:36.685+0000] {manager.py:879} INFO - 
================================================================================
DAG File Processing Stats

File Path                      PID    Runtime      # DAGs    # Errors  Last Runtime    Last Run
-----------------------------  -----  ---------  --------  ----------  --------------  -------------------
/opt/airflow/dags/dags_etl.py                           1           0  0.85s           2025-04-23T01:19:27
================================================================================
[2025-04-23T01:20:06.839+0000] {manager.py:879} INFO - 
================================================================================
DAG File Processing Stats

File Path                      PID    Runtime      # DAGs    # Errors  Last Runtime    Last Run
-----------------------------  -----  ---------  --------  ----------  --------------  -------------------
/opt/airflow/dags/dags_etl.py                           1           0  0.91s           2025-04-23T01:19:58
================================================================================
[2025-04-23T01:20:25.948+0000] {manager.py:738} INFO - Searching for files in /opt/airflow/dags
[2025-04-23T01:20:25.952+0000] {manager.py:741} INFO - There are 1 files in /opt/airflow/dags
[2025-04-23T01:20:37.037+0000] {manager.py:879} INFO - 
================================================================================
DAG File Processing Stats

File Path                      PID    Runtime      # DAGs    # Errors  Last Runtime    Last Run
-----------------------------  -----  ---------  --------  ----------  --------------  -------------------
/opt/airflow/dags/dags_etl.py                           1           0  0.88s           2025-04-23T01:20:29
================================================================================
[2025-04-23T01:21:07.222+0000] {manager.py:879} INFO - 
================================================================================
DAG File Processing Stats

File Path                      PID    Runtime      # DAGs    # Errors  Last Runtime    Last Run
-----------------------------  -----  ---------  --------  ----------  --------------  -------------------
/opt/airflow/dags/dags_etl.py                           1           0  0.93s           2025-04-23T01:21:00
================================================================================
[2025-04-23T01:21:37.389+0000] {manager.py:879} INFO - 
================================================================================
DAG File Processing Stats

File Path                      PID    Runtime      # DAGs    # Errors  Last Runtime    Last Run
-----------------------------  -----  ---------  --------  ----------  --------------  -------------------
/opt/airflow/dags/dags_etl.py                           1           0  0.88s           2025-04-23T01:21:31
================================================================================
[2025-04-23T01:22:07.401+0000] {manager.py:879} INFO - 
================================================================================
DAG File Processing Stats

File Path                      PID    Runtime      # DAGs    # Errors  Last Runtime    Last Run
-----------------------------  -----  ---------  --------  ----------  --------------  -------------------
/opt/airflow/dags/dags_etl.py                           1           0  0.83s           2025-04-23T01:22:02
================================================================================
[2025-04-23T01:22:37.815+0000] {manager.py:879} INFO - 
================================================================================
DAG File Processing Stats

File Path                      PID    Runtime      # DAGs    # Errors  Last Runtime    Last Run
-----------------------------  -----  ---------  --------  ----------  --------------  -------------------
/opt/airflow/dags/dags_etl.py                           1           0  0.83s           2025-04-23T01:22:33
================================================================================
[2025-04-23T01:23:07.967+0000] {manager.py:879} INFO - 
================================================================================
DAG File Processing Stats

File Path                      PID    Runtime      # DAGs    # Errors  Last Runtime    Last Run
-----------------------------  -----  ---------  --------  ----------  --------------  -------------------
/opt/airflow/dags/dags_etl.py                           1           0  0.85s           2025-04-23T01:23:04
================================================================================
[2025-04-23T01:23:38.141+0000] {manager.py:879} INFO - 
================================================================================
DAG File Processing Stats

File Path                      PID    Runtime      # DAGs    # Errors  Last Runtime    Last Run
-----------------------------  -----  ---------  --------  ----------  --------------  -------------------
/opt/airflow/dags/dags_etl.py                           1           0  0.83s           2025-04-23T01:23:35
================================================================================
[2025-04-23T01:24:08.316+0000] {manager.py:879} INFO - 
================================================================================
DAG File Processing Stats

File Path                      PID    Runtime      # DAGs    # Errors  Last Runtime    Last Run
-----------------------------  -----  ---------  --------  ----------  --------------  -------------------
/opt/airflow/dags/dags_etl.py                           1           0  0.79s           2025-04-23T01:24:06
================================================================================
[2025-04-23T01:24:38.342+0000] {manager.py:879} INFO - 
================================================================================
DAG File Processing Stats

File Path                      PID    Runtime      # DAGs    # Errors  Last Runtime    Last Run
-----------------------------  -----  ---------  --------  ----------  --------------  -------------------
/opt/airflow/dags/dags_etl.py                           1           0  0.84s           2025-04-23T01:24:37
================================================================================
[2025-04-23T01:25:08.505+0000] {manager.py:879} INFO - 
================================================================================
DAG File Processing Stats

File Path                        PID  Runtime      # DAGs    # Errors  Last Runtime    Last Run
-----------------------------  -----  ---------  --------  ----------  --------------  -------------------
/opt/airflow/dags/dags_etl.py    694  1.01s             1           0  0.84s           2025-04-23T01:24:37
================================================================================
[2025-04-23T01:25:26.736+0000] {manager.py:738} INFO - Searching for files in /opt/airflow/dags
[2025-04-23T01:25:26.738+0000] {manager.py:741} INFO - There are 1 files in /opt/airflow/dags
[2025-04-23T01:25:38.814+0000] {manager.py:879} INFO - 
================================================================================
DAG File Processing Stats

File Path                      PID    Runtime      # DAGs    # Errors  Last Runtime    Last Run
-----------------------------  -----  ---------  --------  ----------  --------------  -------------------
/opt/airflow/dags/dags_etl.py                           1           0  1.33s           2025-04-23T01:25:08
================================================================================
[2025-04-23T01:26:08.936+0000] {manager.py:879} INFO - 
================================================================================
DAG File Processing Stats

File Path                      PID    Runtime      # DAGs    # Errors  Last Runtime    Last Run
-----------------------------  -----  ---------  --------  ----------  --------------  -------------------
/opt/airflow/dags/dags_etl.py                           1           0  0.93s           2025-04-23T01:25:39
================================================================================
[2025-04-23T01:26:39.185+0000] {manager.py:879} INFO - 
================================================================================
DAG File Processing Stats

File Path                      PID    Runtime      # DAGs    # Errors  Last Runtime    Last Run
-----------------------------  -----  ---------  --------  ----------  --------------  -------------------
/opt/airflow/dags/dags_etl.py                           1           0  1.32s           2025-04-23T01:26:11
================================================================================
[2025-04-23T01:27:09.596+0000] {manager.py:879} INFO - 
================================================================================
DAG File Processing Stats

File Path                      PID    Runtime      # DAGs    # Errors  Last Runtime    Last Run
-----------------------------  -----  ---------  --------  ----------  --------------  -------------------
/opt/airflow/dags/dags_etl.py                           1           0  1.51s           2025-04-23T01:26:42
================================================================================
[2025-04-23T01:27:39.778+0000] {manager.py:879} INFO - 
================================================================================
DAG File Processing Stats

File Path                      PID    Runtime      # DAGs    # Errors  Last Runtime    Last Run
-----------------------------  -----  ---------  --------  ----------  --------------  -------------------
/opt/airflow/dags/dags_etl.py                           1           0  0.80s           2025-04-23T01:27:13
================================================================================
[2025-04-23T01:28:09.964+0000] {manager.py:879} INFO - 
================================================================================
DAG File Processing Stats

File Path                      PID    Runtime      # DAGs    # Errors  Last Runtime    Last Run
-----------------------------  -----  ---------  --------  ----------  --------------  -------------------
/opt/airflow/dags/dags_etl.py                           1           0  0.78s           2025-04-23T01:27:44
================================================================================
[2025-04-23T01:28:40.174+0000] {manager.py:879} INFO - 
================================================================================
DAG File Processing Stats

File Path                      PID    Runtime      # DAGs    # Errors  Last Runtime    Last Run
-----------------------------  -----  ---------  --------  ----------  --------------  -------------------
/opt/airflow/dags/dags_etl.py                           1           0  0.80s           2025-04-23T01:28:15
================================================================================
[2025-04-23T01:29:10.336+0000] {manager.py:879} INFO - 
================================================================================
DAG File Processing Stats

File Path                      PID    Runtime      # DAGs    # Errors  Last Runtime    Last Run
-----------------------------  -----  ---------  --------  ----------  --------------  -------------------
/opt/airflow/dags/dags_etl.py                           1           0  0.79s           2025-04-23T01:28:46
================================================================================
[2025-04-23T01:29:40.524+0000] {manager.py:879} INFO - 
================================================================================
DAG File Processing Stats

File Path                      PID    Runtime      # DAGs    # Errors  Last Runtime    Last Run
-----------------------------  -----  ---------  --------  ----------  --------------  -------------------
/opt/airflow/dags/dags_etl.py                           1           0  0.80s           2025-04-23T01:29:17
================================================================================
[2025-04-23T01:30:10.721+0000] {manager.py:879} INFO - 
================================================================================
DAG File Processing Stats

File Path                      PID    Runtime      # DAGs    # Errors  Last Runtime    Last Run
-----------------------------  -----  ---------  --------  ----------  --------------  -------------------
/opt/airflow/dags/dags_etl.py                           1           0  0.83s           2025-04-23T01:29:48
================================================================================
[2025-04-23T01:30:26.764+0000] {manager.py:738} INFO - Searching for files in /opt/airflow/dags
[2025-04-23T01:30:26.768+0000] {manager.py:741} INFO - There are 1 files in /opt/airflow/dags
[2025-04-23T01:30:40.886+0000] {manager.py:879} INFO - 
================================================================================
DAG File Processing Stats

File Path                      PID    Runtime      # DAGs    # Errors  Last Runtime    Last Run
-----------------------------  -----  ---------  --------  ----------  --------------  -------------------
/opt/airflow/dags/dags_etl.py                           1           0  0.93s           2025-04-23T01:30:19
================================================================================
[2025-04-23T01:31:10.890+0000] {manager.py:879} INFO - 
================================================================================
DAG File Processing Stats

File Path                      PID    Runtime      # DAGs    # Errors  Last Runtime    Last Run
-----------------------------  -----  ---------  --------  ----------  --------------  -------------------
/opt/airflow/dags/dags_etl.py                           1           0  0.83s           2025-04-23T01:30:50
================================================================================
[2025-04-23T01:31:40.974+0000] {manager.py:879} INFO - 
================================================================================
DAG File Processing Stats

File Path                      PID    Runtime      # DAGs    # Errors  Last Runtime    Last Run
-----------------------------  -----  ---------  --------  ----------  --------------  -------------------
/opt/airflow/dags/dags_etl.py                           1           0  0.91s           2025-04-23T01:31:21
================================================================================
[2025-04-23T01:32:11.548+0000] {manager.py:879} INFO - 
================================================================================
DAG File Processing Stats

File Path                      PID    Runtime      # DAGs    # Errors  Last Runtime    Last Run
-----------------------------  -----  ---------  --------  ----------  --------------  -------------------
/opt/airflow/dags/dags_etl.py                           1           0  0.82s           2025-04-23T01:31:52
================================================================================
[2025-04-23T01:32:41.726+0000] {manager.py:879} INFO - 
================================================================================
DAG File Processing Stats

File Path                      PID    Runtime      # DAGs    # Errors  Last Runtime    Last Run
-----------------------------  -----  ---------  --------  ----------  --------------  -------------------
/opt/airflow/dags/dags_etl.py                           1           0  0.87s           2025-04-23T01:32:23
================================================================================
[2025-04-23T01:33:11.910+0000] {manager.py:879} INFO - 
================================================================================
DAG File Processing Stats

File Path                      PID    Runtime      # DAGs    # Errors  Last Runtime    Last Run
-----------------------------  -----  ---------  --------  ----------  --------------  -------------------
/opt/airflow/dags/dags_etl.py                           1           0  0.77s           2025-04-23T01:32:54
================================================================================
[2025-04-23T01:33:42.090+0000] {manager.py:879} INFO - 
================================================================================
DAG File Processing Stats

File Path                      PID    Runtime      # DAGs    # Errors  Last Runtime    Last Run
-----------------------------  -----  ---------  --------  ----------  --------------  -------------------
/opt/airflow/dags/dags_etl.py                           1           0  1.19s           2025-04-23T01:33:26
================================================================================
[2025-04-23T01:34:12.224+0000] {manager.py:879} INFO - 
================================================================================
DAG File Processing Stats

File Path                      PID    Runtime      # DAGs    # Errors  Last Runtime    Last Run
-----------------------------  -----  ---------  --------  ----------  --------------  -------------------
/opt/airflow/dags/dags_etl.py                           1           0  0.81s           2025-04-23T01:33:57
================================================================================
[2025-04-23T01:34:42.544+0000] {manager.py:879} INFO - 
================================================================================
DAG File Processing Stats

File Path                      PID    Runtime      # DAGs    # Errors  Last Runtime    Last Run
-----------------------------  -----  ---------  --------  ----------  --------------  -------------------
/opt/airflow/dags/dags_etl.py                           1           0  0.80s           2025-04-23T01:34:28
================================================================================
[2025-04-23T01:35:12.700+0000] {manager.py:879} INFO - 
================================================================================
DAG File Processing Stats

File Path                      PID    Runtime      # DAGs    # Errors  Last Runtime    Last Run
-----------------------------  -----  ---------  --------  ----------  --------------  -------------------
/opt/airflow/dags/dags_etl.py                           1           0  0.91s           2025-04-23T01:34:59
================================================================================
[2025-04-23T01:35:26.792+0000] {manager.py:738} INFO - Searching for files in /opt/airflow/dags
[2025-04-23T01:35:26.795+0000] {manager.py:741} INFO - There are 1 files in /opt/airflow/dags
[2025-04-23T01:35:42.902+0000] {manager.py:879} INFO - 
================================================================================
DAG File Processing Stats

File Path                      PID    Runtime      # DAGs    # Errors  Last Runtime    Last Run
-----------------------------  -----  ---------  --------  ----------  --------------  -------------------
/opt/airflow/dags/dags_etl.py                           1           0  0.79s           2025-04-23T01:35:30
================================================================================
[2025-04-23T01:36:13.078+0000] {manager.py:879} INFO - 
================================================================================
DAG File Processing Stats

File Path                      PID    Runtime      # DAGs    # Errors  Last Runtime    Last Run
-----------------------------  -----  ---------  --------  ----------  --------------  -------------------
/opt/airflow/dags/dags_etl.py                           1           0  0.94s           2025-04-23T01:36:01
================================================================================
[2025-04-23T01:36:43.246+0000] {manager.py:879} INFO - 
================================================================================
DAG File Processing Stats

File Path                      PID    Runtime      # DAGs    # Errors  Last Runtime    Last Run
-----------------------------  -----  ---------  --------  ----------  --------------  -------------------
/opt/airflow/dags/dags_etl.py                           1           0  0.76s           2025-04-23T01:36:32
================================================================================
[2025-04-23T01:37:13.448+0000] {manager.py:879} INFO - 
================================================================================
DAG File Processing Stats

File Path                      PID    Runtime      # DAGs    # Errors  Last Runtime    Last Run
-----------------------------  -----  ---------  --------  ----------  --------------  -------------------
/opt/airflow/dags/dags_etl.py                           1           0  0.75s           2025-04-23T01:37:03
================================================================================
[2025-04-23T01:37:43.610+0000] {manager.py:879} INFO - 
================================================================================
DAG File Processing Stats

File Path                      PID    Runtime      # DAGs    # Errors  Last Runtime    Last Run
-----------------------------  -----  ---------  --------  ----------  --------------  -------------------
/opt/airflow/dags/dags_etl.py                           1           0  0.81s           2025-04-23T01:37:34
================================================================================
[2025-04-23T01:38:13.776+0000] {manager.py:879} INFO - 
================================================================================
DAG File Processing Stats

File Path                      PID    Runtime      # DAGs    # Errors  Last Runtime    Last Run
-----------------------------  -----  ---------  --------  ----------  --------------  -------------------
/opt/airflow/dags/dags_etl.py                           1           0  0.78s           2025-04-23T01:38:05
================================================================================
[2025-04-23T01:38:43.953+0000] {manager.py:879} INFO - 
================================================================================
DAG File Processing Stats

File Path                      PID    Runtime      # DAGs    # Errors  Last Runtime    Last Run
-----------------------------  -----  ---------  --------  ----------  --------------  -------------------
/opt/airflow/dags/dags_etl.py                           1           0  0.80s           2025-04-23T01:38:35
================================================================================
[2025-04-23T01:39:14.015+0000] {manager.py:879} INFO - 
================================================================================
DAG File Processing Stats

File Path                      PID    Runtime      # DAGs    # Errors  Last Runtime    Last Run
-----------------------------  -----  ---------  --------  ----------  --------------  -------------------
/opt/airflow/dags/dags_etl.py                           1           0  0.89s           2025-04-23T01:39:06
================================================================================
[2025-04-23T01:39:44.095+0000] {manager.py:879} INFO - 
================================================================================
DAG File Processing Stats

File Path                      PID    Runtime      # DAGs    # Errors  Last Runtime    Last Run
-----------------------------  -----  ---------  --------  ----------  --------------  -------------------
/opt/airflow/dags/dags_etl.py                           1           0  0.89s           2025-04-23T01:39:38
================================================================================
[2025-04-23T01:40:14.503+0000] {manager.py:879} INFO - 
================================================================================
DAG File Processing Stats

File Path                      PID    Runtime      # DAGs    # Errors  Last Runtime    Last Run
-----------------------------  -----  ---------  --------  ----------  --------------  -------------------
/opt/airflow/dags/dags_etl.py                           1           0  0.82s           2025-04-23T01:40:09
================================================================================
[2025-04-23T01:40:27.157+0000] {manager.py:738} INFO - Searching for files in /opt/airflow/dags
[2025-04-23T01:40:27.160+0000] {manager.py:741} INFO - There are 1 files in /opt/airflow/dags
[2025-04-23T01:40:44.671+0000] {manager.py:879} INFO - 
================================================================================
DAG File Processing Stats

File Path                      PID    Runtime      # DAGs    # Errors  Last Runtime    Last Run
-----------------------------  -----  ---------  --------  ----------  --------------  -------------------
/opt/airflow/dags/dags_etl.py                           1           0  0.92s           2025-04-23T01:40:40
================================================================================
[2025-04-23T01:41:14.826+0000] {manager.py:879} INFO - 
================================================================================
DAG File Processing Stats

File Path                      PID    Runtime      # DAGs    # Errors  Last Runtime    Last Run
-----------------------------  -----  ---------  --------  ----------  --------------  -------------------
/opt/airflow/dags/dags_etl.py                           1           0  0.86s           2025-04-23T01:41:11
================================================================================
[2025-04-23T01:41:45.005+0000] {manager.py:879} INFO - 
================================================================================
DAG File Processing Stats

File Path                      PID    Runtime      # DAGs    # Errors  Last Runtime    Last Run
-----------------------------  -----  ---------  --------  ----------  --------------  -------------------
/opt/airflow/dags/dags_etl.py                           1           0  0.76s           2025-04-23T01:41:42
================================================================================
[2025-04-23T01:42:15.298+0000] {manager.py:879} INFO - 
================================================================================
DAG File Processing Stats

File Path                      PID    Runtime      # DAGs    # Errors  Last Runtime    Last Run
-----------------------------  -----  ---------  --------  ----------  --------------  -------------------
/opt/airflow/dags/dags_etl.py                           1           0  0.79s           2025-04-23T01:42:12
================================================================================
[2025-04-23T01:42:45.474+0000] {manager.py:879} INFO - 
================================================================================
DAG File Processing Stats

File Path                      PID    Runtime      # DAGs    # Errors  Last Runtime    Last Run
-----------------------------  -----  ---------  --------  ----------  --------------  -------------------
/opt/airflow/dags/dags_etl.py                           1           0  0.83s           2025-04-23T01:42:43
================================================================================
[2025-04-23T01:43:15.644+0000] {manager.py:879} INFO - 
================================================================================
DAG File Processing Stats

File Path                      PID    Runtime      # DAGs    # Errors  Last Runtime    Last Run
-----------------------------  -----  ---------  --------  ----------  --------------  -------------------
/opt/airflow/dags/dags_etl.py                           1           0  0.88s           2025-04-23T01:43:15
================================================================================
[2025-04-23T01:43:45.816+0000] {manager.py:879} INFO - 
================================================================================
DAG File Processing Stats

File Path                        PID  Runtime      # DAGs    # Errors  Last Runtime    Last Run
-----------------------------  -----  ---------  --------  ----------  --------------  -------------------
/opt/airflow/dags/dags_etl.py    910  0.62s             1           0  0.88s           2025-04-23T01:43:15
================================================================================
[2025-04-23T01:44:15.978+0000] {manager.py:879} INFO - 
================================================================================
DAG File Processing Stats

File Path                      PID    Runtime      # DAGs    # Errors  Last Runtime    Last Run
-----------------------------  -----  ---------  --------  ----------  --------------  -------------------
/opt/airflow/dags/dags_etl.py                           1           0  0.96s           2025-04-23T01:43:46
================================================================================
[2025-04-23T01:44:46.159+0000] {manager.py:879} INFO - 
================================================================================
DAG File Processing Stats

File Path                      PID    Runtime      # DAGs    # Errors  Last Runtime    Last Run
-----------------------------  -----  ---------  --------  ----------  --------------  -------------------
/opt/airflow/dags/dags_etl.py                           1           0  0.82s           2025-04-23T01:44:17
================================================================================
[2025-04-23T01:45:16.292+0000] {manager.py:879} INFO - 
================================================================================
DAG File Processing Stats

File Path                      PID    Runtime      # DAGs    # Errors  Last Runtime    Last Run
-----------------------------  -----  ---------  --------  ----------  --------------  -------------------
/opt/airflow/dags/dags_etl.py                           1           0  0.97s           2025-04-23T01:44:48
================================================================================
[2025-04-23T01:45:27.504+0000] {manager.py:738} INFO - Searching for files in /opt/airflow/dags
[2025-04-23T01:45:27.509+0000] {manager.py:741} INFO - There are 1 files in /opt/airflow/dags
[2025-04-23T01:45:46.643+0000] {manager.py:879} INFO - 
================================================================================
DAG File Processing Stats

File Path                      PID    Runtime      # DAGs    # Errors  Last Runtime    Last Run
-----------------------------  -----  ---------  --------  ----------  --------------  -------------------
/opt/airflow/dags/dags_etl.py                           1           0  0.79s           2025-04-23T01:45:19
================================================================================
[2025-04-23T01:46:16.813+0000] {manager.py:879} INFO - 
================================================================================
DAG File Processing Stats

File Path                      PID    Runtime      # DAGs    # Errors  Last Runtime    Last Run
-----------------------------  -----  ---------  --------  ----------  --------------  -------------------
/opt/airflow/dags/dags_etl.py                           1           0  0.78s           2025-04-23T01:45:50
================================================================================
[2025-04-23T01:46:46.997+0000] {manager.py:879} INFO - 
================================================================================
DAG File Processing Stats

File Path                      PID    Runtime      # DAGs    # Errors  Last Runtime    Last Run
-----------------------------  -----  ---------  --------  ----------  --------------  -------------------
/opt/airflow/dags/dags_etl.py                           1           0  0.79s           2025-04-23T01:46:21
================================================================================
[2025-04-23T01:47:17.055+0000] {manager.py:879} INFO - 
================================================================================
DAG File Processing Stats

File Path                      PID    Runtime      # DAGs    # Errors  Last Runtime    Last Run
-----------------------------  -----  ---------  --------  ----------  --------------  -------------------
/opt/airflow/dags/dags_etl.py                           1           0  0.89s           2025-04-23T01:46:51
================================================================================
[2025-04-23T01:47:47.242+0000] {manager.py:879} INFO - 
================================================================================
DAG File Processing Stats

File Path                      PID    Runtime      # DAGs    # Errors  Last Runtime    Last Run
-----------------------------  -----  ---------  --------  ----------  --------------  -------------------
/opt/airflow/dags/dags_etl.py                           1           0  1.05s           2025-04-23T01:47:23
================================================================================
[2025-04-23T01:48:17.370+0000] {manager.py:879} INFO - 
================================================================================
DAG File Processing Stats

File Path                      PID    Runtime      # DAGs    # Errors  Last Runtime    Last Run
-----------------------------  -----  ---------  --------  ----------  --------------  -------------------
/opt/airflow/dags/dags_etl.py                           1           0  0.96s           2025-04-23T01:47:54
================================================================================
[2025-04-23T01:48:47.502+0000] {manager.py:879} INFO - 
================================================================================
DAG File Processing Stats

File Path                      PID    Runtime      # DAGs    # Errors  Last Runtime    Last Run
-----------------------------  -----  ---------  --------  ----------  --------------  -------------------
/opt/airflow/dags/dags_etl.py                           1           0  0.96s           2025-04-23T01:48:25
================================================================================
[2025-04-23T01:49:17.698+0000] {manager.py:879} INFO - 
================================================================================
DAG File Processing Stats

File Path                      PID    Runtime      # DAGs    # Errors  Last Runtime    Last Run
-----------------------------  -----  ---------  --------  ----------  --------------  -------------------
/opt/airflow/dags/dags_etl.py                           1           0  0.82s           2025-04-23T01:48:56
================================================================================
[2025-04-23T01:49:47.844+0000] {manager.py:879} INFO - 
================================================================================
DAG File Processing Stats

File Path                      PID    Runtime      # DAGs    # Errors  Last Runtime    Last Run
-----------------------------  -----  ---------  --------  ----------  --------------  -------------------
/opt/airflow/dags/dags_etl.py                           1           0  0.89s           2025-04-23T01:49:27
================================================================================
[2025-04-23T01:50:18.008+0000] {manager.py:879} INFO - 
================================================================================
DAG File Processing Stats

File Path                      PID    Runtime      # DAGs    # Errors  Last Runtime    Last Run
-----------------------------  -----  ---------  --------  ----------  --------------  -------------------
/opt/airflow/dags/dags_etl.py                           1           0  1.62s           2025-04-23T01:49:59
================================================================================
[2025-04-23T01:50:28.063+0000] {manager.py:738} INFO - Searching for files in /opt/airflow/dags
[2025-04-23T01:50:28.064+0000] {manager.py:741} INFO - There are 1 files in /opt/airflow/dags
[2025-04-23T01:50:48.198+0000] {manager.py:879} INFO - 
================================================================================
DAG File Processing Stats

File Path                      PID    Runtime      # DAGs    # Errors  Last Runtime    Last Run
-----------------------------  -----  ---------  --------  ----------  --------------  -------------------
/opt/airflow/dags/dags_etl.py                           1           0  0.93s           2025-04-23T01:50:30
================================================================================
[2025-04-23T01:51:18.373+0000] {manager.py:879} INFO - 
================================================================================
DAG File Processing Stats

File Path                      PID    Runtime      # DAGs    # Errors  Last Runtime    Last Run
-----------------------------  -----  ---------  --------  ----------  --------------  -------------------
/opt/airflow/dags/dags_etl.py                           1           0  0.92s           2025-04-23T01:51:01
================================================================================
[2025-04-23T01:51:48.568+0000] {manager.py:879} INFO - 
================================================================================
DAG File Processing Stats

File Path                      PID    Runtime      # DAGs    # Errors  Last Runtime    Last Run
-----------------------------  -----  ---------  --------  ----------  --------------  -------------------
/opt/airflow/dags/dags_etl.py                           1           0  1.09s           2025-04-23T01:51:32
================================================================================
[2025-04-23T01:52:18.772+0000] {manager.py:879} INFO - 
================================================================================
DAG File Processing Stats

File Path                      PID    Runtime      # DAGs    # Errors  Last Runtime    Last Run
-----------------------------  -----  ---------  --------  ----------  --------------  -------------------
/opt/airflow/dags/dags_etl.py                           1           0  0.74s           2025-04-23T01:52:03
================================================================================
[2025-04-23T01:52:48.923+0000] {manager.py:879} INFO - 
================================================================================
DAG File Processing Stats

File Path                      PID    Runtime      # DAGs    # Errors  Last Runtime    Last Run
-----------------------------  -----  ---------  --------  ----------  --------------  -------------------
/opt/airflow/dags/dags_etl.py                           1           0  1.99s           2025-04-23T01:52:35
================================================================================
[2025-04-23T01:53:19.819+0000] {manager.py:879} INFO - 
================================================================================
DAG File Processing Stats

File Path                      PID    Runtime      # DAGs    # Errors  Last Runtime    Last Run
-----------------------------  -----  ---------  --------  ----------  --------------  -------------------
/opt/airflow/dags/dags_etl.py                           1           0  1.04s           2025-04-23T01:53:06
================================================================================
[2025-04-23T01:53:50.008+0000] {manager.py:879} INFO - 
================================================================================
DAG File Processing Stats

File Path                      PID    Runtime      # DAGs    # Errors  Last Runtime    Last Run
-----------------------------  -----  ---------  --------  ----------  --------------  -------------------
/opt/airflow/dags/dags_etl.py                           1           0  0.76s           2025-04-23T01:53:37
================================================================================
[2025-04-23T01:54:20.159+0000] {manager.py:879} INFO - 
================================================================================
DAG File Processing Stats

File Path                      PID    Runtime      # DAGs    # Errors  Last Runtime    Last Run
-----------------------------  -----  ---------  --------  ----------  --------------  -------------------
/opt/airflow/dags/dags_etl.py                           1           0  0.85s           2025-04-23T01:54:08
================================================================================
[2025-04-23T01:54:50.342+0000] {manager.py:879} INFO - 
================================================================================
DAG File Processing Stats

File Path                      PID    Runtime      # DAGs    # Errors  Last Runtime    Last Run
-----------------------------  -----  ---------  --------  ----------  --------------  -------------------
/opt/airflow/dags/dags_etl.py                           1           0  0.87s           2025-04-23T01:54:39
================================================================================
[2025-04-23T01:55:20.971+0000] {manager.py:879} INFO - 
================================================================================
DAG File Processing Stats

File Path                      PID    Runtime      # DAGs    # Errors  Last Runtime    Last Run
-----------------------------  -----  ---------  --------  ----------  --------------  -------------------
/opt/airflow/dags/dags_etl.py                           1           0  1.03s           2025-04-23T01:55:10
================================================================================
[2025-04-23T01:55:29.015+0000] {manager.py:738} INFO - Searching for files in /opt/airflow/dags
[2025-04-23T01:55:29.019+0000] {manager.py:741} INFO - There are 1 files in /opt/airflow/dags
[2025-04-23T01:55:51.151+0000] {manager.py:879} INFO - 
================================================================================
DAG File Processing Stats

File Path                      PID    Runtime      # DAGs    # Errors  Last Runtime    Last Run
-----------------------------  -----  ---------  --------  ----------  --------------  -------------------
/opt/airflow/dags/dags_etl.py                           1           0  0.97s           2025-04-23T01:55:42
================================================================================
[2025-04-23T01:56:21.329+0000] {manager.py:879} INFO - 
================================================================================
DAG File Processing Stats

File Path                      PID    Runtime      # DAGs    # Errors  Last Runtime    Last Run
-----------------------------  -----  ---------  --------  ----------  --------------  -------------------
/opt/airflow/dags/dags_etl.py                           1           0  0.82s           2025-04-23T01:56:13
================================================================================
[2025-04-23T01:56:32.533+0000] {manager.py:451} INFO - Exiting gracefully upon receiving signal 15
