[2025-04-23T00:55:33.577+0000] {taskinstance.py:1979} INFO - Dependencies all met for dep_context=non-requeueable deps ti=<TaskInstance: etl_dwh_mart.dwh_mart_revenue_period manual__2025-04-23T00:55:23.537486+00:00 [queued]>
[2025-04-23T00:55:33.594+0000] {taskinstance.py:1979} INFO - Dependencies all met for dep_context=requeueable deps ti=<TaskInstance: etl_dwh_mart.dwh_mart_revenue_period manual__2025-04-23T00:55:23.537486+00:00 [queued]>
[2025-04-23T00:55:33.595+0000] {taskinstance.py:2193} INFO - Starting attempt 1 of 1
[2025-04-23T00:55:33.623+0000] {taskinstance.py:2217} INFO - Executing <Task(PythonOperator): dwh_mart_revenue_period> on 2025-04-23 00:55:23.537486+00:00
[2025-04-23T00:55:33.634+0000] {standard_task_runner.py:60} INFO - Started process 354 to run task
[2025-04-23T00:55:33.642+0000] {standard_task_runner.py:87} INFO - Running: ['***', 'tasks', 'run', 'etl_dwh_mart', 'dwh_mart_revenue_period', 'manual__2025-04-23T00:55:23.537486+00:00', '--job-id', '23', '--raw', '--subdir', 'DAGS_FOLDER/dags_etl.py', '--cfg-path', '/tmp/tmp9qkatufd']
[2025-04-23T00:55:33.645+0000] {standard_task_runner.py:88} INFO - Job 23: Subtask dwh_mart_revenue_period
[2025-04-23T00:55:33.729+0000] {task_command.py:423} INFO - Running <TaskInstance: etl_dwh_mart.dwh_mart_revenue_period manual__2025-04-23T00:55:23.537486+00:00 [running]> on host a896c9815708
[2025-04-23T00:55:33.890+0000] {taskinstance.py:2513} INFO - Exporting env vars: AIRFLOW_CTX_DAG_OWNER='***' AIRFLOW_CTX_DAG_ID='etl_dwh_mart' AIRFLOW_CTX_TASK_ID='dwh_mart_revenue_period' AIRFLOW_CTX_EXECUTION_DATE='2025-04-23T00:55:23.537486+00:00' AIRFLOW_CTX_TRY_NUMBER='1' AIRFLOW_CTX_DAG_RUN_ID='manual__2025-04-23T00:55:23.537486+00:00'
[2025-04-23T00:55:33.892+0000] {DWH_MartRevenuePeriod.py:30} INFO - Extracting data using query: 
            SELECT order_date, order_total
            FROM fact_orders;
        
[2025-04-23T00:55:33.954+0000] {DWH_MartRevenuePeriod.py:33} INFO - Data extraction successful
[2025-04-23T00:55:33.974+0000] {DWH_MartRevenuePeriod.py:52} INFO - Loading data into mart_revenue_period...
[2025-04-23T00:55:34.080+0000] {DWH_MartRevenuePeriod.py:55} INFO - Data successfully loaded into mart_revenue_period
[2025-04-23T00:55:34.082+0000] {DWH_MartRevenuePeriod.py:74} INFO - Process Completed Successfully!
[2025-04-23T00:55:34.082+0000] {python.py:202} INFO - Done. Returned value was: None
[2025-04-23T00:55:34.107+0000] {taskinstance.py:1149} INFO - Marking task as SUCCESS. dag_id=etl_dwh_mart, task_id=dwh_mart_revenue_period, execution_date=20250423T005523, start_date=20250423T005533, end_date=20250423T005534
[2025-04-23T00:55:34.179+0000] {local_task_job_runner.py:234} INFO - Task exited with return code 0
[2025-04-23T00:55:34.230+0000] {taskinstance.py:3312} INFO - 1 downstream tasks scheduled from follow-on schedule check
