[2025-04-23T00:55:28.653+0000] {taskinstance.py:1979} INFO - Dependencies all met for dep_context=non-requeueable deps ti=<TaskInstance: etl_dwh_mart.dwh_mart_user_purchase manual__2025-04-23T00:55:23.537486+00:00 [queued]>
[2025-04-23T00:55:28.668+0000] {taskinstance.py:1979} INFO - Dependencies all met for dep_context=requeueable deps ti=<TaskInstance: etl_dwh_mart.dwh_mart_user_purchase manual__2025-04-23T00:55:23.537486+00:00 [queued]>
[2025-04-23T00:55:28.668+0000] {taskinstance.py:2193} INFO - Starting attempt 1 of 1
[2025-04-23T00:55:28.695+0000] {taskinstance.py:2217} INFO - Executing <Task(PythonOperator): dwh_mart_user_purchase> on 2025-04-23 00:55:23.537486+00:00
[2025-04-23T00:55:28.706+0000] {standard_task_runner.py:60} INFO - Started process 342 to run task
[2025-04-23T00:55:28.709+0000] {standard_task_runner.py:87} INFO - Running: ['***', 'tasks', 'run', 'etl_dwh_mart', 'dwh_mart_user_purchase', 'manual__2025-04-23T00:55:23.537486+00:00', '--job-id', '21', '--raw', '--subdir', 'DAGS_FOLDER/dags_etl.py', '--cfg-path', '/tmp/tmp00ozw41u']
[2025-04-23T00:55:28.712+0000] {standard_task_runner.py:88} INFO - Job 21: Subtask dwh_mart_user_purchase
[2025-04-23T00:55:28.793+0000] {task_command.py:423} INFO - Running <TaskInstance: etl_dwh_mart.dwh_mart_user_purchase manual__2025-04-23T00:55:23.537486+00:00 [running]> on host a896c9815708
[2025-04-23T00:55:28.943+0000] {taskinstance.py:2513} INFO - Exporting env vars: AIRFLOW_CTX_DAG_OWNER='***' AIRFLOW_CTX_DAG_ID='etl_dwh_mart' AIRFLOW_CTX_TASK_ID='dwh_mart_user_purchase' AIRFLOW_CTX_EXECUTION_DATE='2025-04-23T00:55:23.537486+00:00' AIRFLOW_CTX_TRY_NUMBER='1' AIRFLOW_CTX_DAG_RUN_ID='manual__2025-04-23T00:55:23.537486+00:00'
[2025-04-23T00:55:28.945+0000] {DWH_MartUserPurchase.py:30} INFO - Extracting data using query: 
            SELECT  o.order_id, 
                    o.order_date, 
                    o.user_id, 
                    u.user_first_name || ' ' || u.user_last_name AS user_name, 
                    o.order_total, u.user_join
            FROM fact_orders o
            JOIN dim_user u ON o.user_id = u.user_id
        
[2025-04-23T00:55:28.983+0000] {DWH_MartUserPurchase.py:33} INFO - Data extraction successful
[2025-04-23T00:55:28.998+0000] {DWH_MartUserPurchase.py:55} INFO - Loading data into mart_user_purchase...
[2025-04-23T00:55:29.082+0000] {DWH_MartUserPurchase.py:58} INFO - Data successfully loaded into mart_user_purchase
[2025-04-23T00:55:29.083+0000] {DWH_MartUserPurchase.py:82} INFO - Process Completed Successfully!
[2025-04-23T00:55:29.083+0000] {python.py:202} INFO - Done. Returned value was: None
[2025-04-23T00:55:29.098+0000] {taskinstance.py:1149} INFO - Marking task as SUCCESS. dag_id=etl_dwh_mart, task_id=dwh_mart_user_purchase, execution_date=20250423T005523, start_date=20250423T005528, end_date=20250423T005529
[2025-04-23T00:55:29.163+0000] {local_task_job_runner.py:234} INFO - Task exited with return code 0
[2025-04-23T00:55:29.212+0000] {taskinstance.py:3312} INFO - 1 downstream tasks scheduled from follow-on schedule check
