[2025-04-23T00:54:03.444+0000] {taskinstance.py:1979} INFO - Dependencies all met for dep_context=non-requeueable deps ti=<TaskInstance: etl_dwh_mart.oltp_dwh manual__2025-04-23T00:54:00.378262+00:00 [queued]>
[2025-04-23T00:54:03.459+0000] {taskinstance.py:1979} INFO - Dependencies all met for dep_context=requeueable deps ti=<TaskInstance: etl_dwh_mart.oltp_dwh manual__2025-04-23T00:54:00.378262+00:00 [queued]>
[2025-04-23T00:54:03.459+0000] {taskinstance.py:2193} INFO - Starting attempt 1 of 1
[2025-04-23T00:54:03.483+0000] {taskinstance.py:2217} INFO - Executing <Task(PythonOperator): oltp_dwh> on 2025-04-23 00:54:00.378262+00:00
[2025-04-23T00:54:03.493+0000] {standard_task_runner.py:60} INFO - Started process 312 to run task
[2025-04-23T00:54:03.497+0000] {standard_task_runner.py:87} INFO - Running: ['***', 'tasks', 'run', 'etl_dwh_mart', 'oltp_dwh', 'manual__2025-04-23T00:54:00.378262+00:00', '--job-id', '15', '--raw', '--subdir', 'DAGS_FOLDER/dags_etl.py', '--cfg-path', '/tmp/tmps75exrab']
[2025-04-23T00:54:03.500+0000] {standard_task_runner.py:88} INFO - Job 15: Subtask oltp_dwh
[2025-04-23T00:54:03.581+0000] {task_command.py:423} INFO - Running <TaskInstance: etl_dwh_mart.oltp_dwh manual__2025-04-23T00:54:00.378262+00:00 [running]> on host a896c9815708
[2025-04-23T00:54:03.713+0000] {taskinstance.py:2513} INFO - Exporting env vars: AIRFLOW_CTX_DAG_OWNER='***' AIRFLOW_CTX_DAG_ID='etl_dwh_mart' AIRFLOW_CTX_TASK_ID='oltp_dwh' AIRFLOW_CTX_EXECUTION_DATE='2025-04-23T00:54:00.378262+00:00' AIRFLOW_CTX_TRY_NUMBER='1' AIRFLOW_CTX_DAG_RUN_ID='manual__2025-04-23T00:54:00.378262+00:00'
[2025-04-23T00:54:03.714+0000] {oltpTrans_DWH.py:85} INFO - Starting ETL Process...
[2025-04-23T00:54:03.715+0000] {oltpTrans_DWH.py:36} INFO - Config validation passed
[2025-04-23T00:54:03.715+0000] {oltpTrans_DWH.py:41} INFO - Extracting data from tb_users...
[2025-04-23T00:54:03.792+0000] {oltpTrans_DWH.py:52} INFO - Transforming data for dim_user...
[2025-04-23T00:54:03.799+0000] {oltpTrans_DWH.py:62} INFO - Replacing data in dim_user...
[2025-04-23T00:54:03.878+0000] {oltpTrans_DWH.py:79} ERROR - Error replacing data in dim_user: 'Connection' object has no attribute 'commit'
[2025-04-23T00:54:03.879+0000] {oltpTrans_DWH.py:93} ERROR - ETL process failed: 'Connection' object has no attribute 'commit'
[2025-04-23T00:54:03.879+0000] {python.py:202} INFO - Done. Returned value was: None
[2025-04-23T00:54:03.893+0000] {taskinstance.py:1149} INFO - Marking task as SUCCESS. dag_id=etl_dwh_mart, task_id=oltp_dwh, execution_date=20250423T005400, start_date=20250423T005403, end_date=20250423T005403
[2025-04-23T00:54:03.951+0000] {local_task_job_runner.py:234} INFO - Task exited with return code 0
[2025-04-23T00:54:03.997+0000] {taskinstance.py:3312} INFO - 1 downstream tasks scheduled from follow-on schedule check
