[2025-04-23T00:55:26.069+0000] {taskinstance.py:1979} INFO - Dependencies all met for dep_context=non-requeueable deps ti=<TaskInstance: etl_dwh_mart.oltp_dwh manual__2025-04-23T00:55:23.537486+00:00 [queued]>
[2025-04-23T00:55:26.086+0000] {taskinstance.py:1979} INFO - Dependencies all met for dep_context=requeueable deps ti=<TaskInstance: etl_dwh_mart.oltp_dwh manual__2025-04-23T00:55:23.537486+00:00 [queued]>
[2025-04-23T00:55:26.087+0000] {taskinstance.py:2193} INFO - Starting attempt 1 of 1
[2025-04-23T00:55:26.113+0000] {taskinstance.py:2217} INFO - Executing <Task(PythonOperator): oltp_dwh> on 2025-04-23 00:55:23.537486+00:00
[2025-04-23T00:55:26.123+0000] {standard_task_runner.py:60} INFO - Started process 339 to run task
[2025-04-23T00:55:26.128+0000] {standard_task_runner.py:87} INFO - Running: ['***', 'tasks', 'run', 'etl_dwh_mart', 'oltp_dwh', 'manual__2025-04-23T00:55:23.537486+00:00', '--job-id', '20', '--raw', '--subdir', 'DAGS_FOLDER/dags_etl.py', '--cfg-path', '/tmp/tmp9314cfma']
[2025-04-23T00:55:26.132+0000] {standard_task_runner.py:88} INFO - Job 20: Subtask oltp_dwh
[2025-04-23T00:55:26.204+0000] {task_command.py:423} INFO - Running <TaskInstance: etl_dwh_mart.oltp_dwh manual__2025-04-23T00:55:23.537486+00:00 [running]> on host a896c9815708
[2025-04-23T00:55:26.346+0000] {taskinstance.py:2513} INFO - Exporting env vars: AIRFLOW_CTX_DAG_OWNER='***' AIRFLOW_CTX_DAG_ID='etl_dwh_mart' AIRFLOW_CTX_TASK_ID='oltp_dwh' AIRFLOW_CTX_EXECUTION_DATE='2025-04-23T00:55:23.537486+00:00' AIRFLOW_CTX_TRY_NUMBER='1' AIRFLOW_CTX_DAG_RUN_ID='manual__2025-04-23T00:55:23.537486+00:00'
[2025-04-23T00:55:26.348+0000] {oltpTrans_DWH.py:85} INFO - Starting ETL Process...
[2025-04-23T00:55:26.348+0000] {oltpTrans_DWH.py:36} INFO - Config validation passed
[2025-04-23T00:55:26.349+0000] {oltpTrans_DWH.py:41} INFO - Extracting data from tb_users...
[2025-04-23T00:55:26.389+0000] {oltpTrans_DWH.py:52} INFO - Transforming data for dim_user...
[2025-04-23T00:55:26.390+0000] {oltpTrans_DWH.py:62} INFO - Replacing data in dim_user...
[2025-04-23T00:55:26.471+0000] {oltpTrans_DWH.py:77} INFO - Data successfully loaded into dim_user
[2025-04-23T00:55:26.471+0000] {oltpTrans_DWH.py:41} INFO - Extracting data from tb_payments...
[2025-04-23T00:55:26.506+0000] {oltpTrans_DWH.py:52} INFO - Transforming data for dim_payment...
[2025-04-23T00:55:26.507+0000] {oltpTrans_DWH.py:62} INFO - Replacing data in dim_payment...
[2025-04-23T00:55:26.568+0000] {oltpTrans_DWH.py:77} INFO - Data successfully loaded into dim_payment
[2025-04-23T00:55:26.568+0000] {oltpTrans_DWH.py:41} INFO - Extracting data from tb_shippers...
[2025-04-23T00:55:26.594+0000] {oltpTrans_DWH.py:52} INFO - Transforming data for dim_shipper...
[2025-04-23T00:55:26.595+0000] {oltpTrans_DWH.py:62} INFO - Replacing data in dim_shipper...
[2025-04-23T00:55:26.650+0000] {oltpTrans_DWH.py:77} INFO - Data successfully loaded into dim_shipper
[2025-04-23T00:55:26.651+0000] {oltpTrans_DWH.py:41} INFO - Extracting data from tb_ratings...
[2025-04-23T00:55:26.677+0000] {oltpTrans_DWH.py:52} INFO - Transforming data for dim_rating...
[2025-04-23T00:55:26.678+0000] {oltpTrans_DWH.py:62} INFO - Replacing data in dim_rating...
[2025-04-23T00:55:26.731+0000] {oltpTrans_DWH.py:77} INFO - Data successfully loaded into dim_rating
[2025-04-23T00:55:26.732+0000] {oltpTrans_DWH.py:41} INFO - Extracting data from tb_vouchers...
[2025-04-23T00:55:26.758+0000] {oltpTrans_DWH.py:52} INFO - Transforming data for dim_voucher...
[2025-04-23T00:55:26.759+0000] {oltpTrans_DWH.py:62} INFO - Replacing data in dim_voucher...
[2025-04-23T00:55:26.814+0000] {oltpTrans_DWH.py:77} INFO - Data successfully loaded into dim_voucher
[2025-04-23T00:55:26.815+0000] {oltpTrans_DWH.py:41} INFO - Extracting data from ['tb_orders', 'tb_users', 'tb_payments', 'tb_shippers', 'tb_ratings', 'tb_vouchers']...
[2025-04-23T00:55:26.844+0000] {oltpTrans_DWH.py:52} INFO - Transforming data for fact_orders...
[2025-04-23T00:55:26.845+0000] {oltpTrans_DWH.py:62} INFO - Replacing data in fact_orders...
[2025-04-23T00:55:26.906+0000] {oltpTrans_DWH.py:77} INFO - Data successfully loaded into fact_orders
[2025-04-23T00:55:26.907+0000] {oltpTrans_DWH.py:91} INFO - ETL Process Completed Successfully!
[2025-04-23T00:55:26.907+0000] {python.py:202} INFO - Done. Returned value was: None
[2025-04-23T00:55:26.923+0000] {taskinstance.py:1149} INFO - Marking task as SUCCESS. dag_id=etl_dwh_mart, task_id=oltp_dwh, execution_date=20250423T005523, start_date=20250423T005526, end_date=20250423T005526
[2025-04-23T00:55:26.983+0000] {local_task_job_runner.py:234} INFO - Task exited with return code 0
[2025-04-23T00:55:27.034+0000] {taskinstance.py:3312} INFO - 1 downstream tasks scheduled from follow-on schedule check
